<xml><ToUserName><![CDATA[gh_a6529b5ebff3]]></ToUserName>
<FromUserName><![CDATA[onRjS5msz_F_SCyA5Su2GSA-Ij1c]]></FromUserName>
<CreateTime>1604966729</CreateTime>
<MsgType><![CDATA[event]]></MsgType>
<Event><![CDATA[subscribe]]></Event>
<EventKey><![CDATA[]]></EventKey>
</xml>
关注成功<xml><ToUserName><![CDATA[gh_a6529b5ebff3]]></ToUserName>
<FromUserName><![CDATA[onRjS5msz_F_SCyA5Su2GSA-Ij1c]]></FromUserName>
<CreateTime>1604966729</CreateTime>
<MsgType><![CDATA[event]]></MsgType>
<Event><![CDATA[subscribe]]></Event>
<EventKey><![CDATA[]]></EventKey>
</xml>
关注成功<xml><ToUserName><![CDATA[gh_a6529b5ebff3]]></ToUserName>
<FromUserName><![CDATA[onRjS5msz_F_SCyA5Su2GSA-Ij1c]]></FromUserName>
<CreateTime>1604966729</CreateTime>
<MsgType><![CDATA[event]]></MsgType>
<Event><![CDATA[subscribe]]></Event>
<Content><![CDATA[]]></Content>
</xml>
关注成功<xml><ToUserName><![CDATA[gh_a6529b5ebff3]]></ToUserName>
<FromUserName><![CDATA[onRjS5msz_F_SCyA5Su2GSA-Ij1c]]></FromUserName>
<CreateTime>1604966729</CreateTime>
<MsgType><![CDATA[event]]></MsgType>
<Event><![CDATA[subscribe]]></Event>
<Content><![CDATA[你好]]></Content>
</xml>
关注成功<xml><ToUserName><![CDATA[gh_a6529b5ebff3]]></ToUserName>
<FromUserName><![CDATA[onRjS5msz_F_SCyA5Su2GSA-Ij1c]]></FromUserName>
<CreateTime>1604966729</CreateTime>
<MsgType><![CDATA[event]]></MsgType>
<Event><![CDATA[subscribe]]></Event>
<Content><![CDATA[你好]]></Content>
</xml>
关注成功<xml><ToUserName><![CDATA[gh_a6529b5ebff3]]></ToUserName>
<FromUserName><![CDATA[onRjS5msz_F_SCyA5Su2GSA-Ij1c]]></FromUserName>
<CreateTime>1604966729</CreateTime>
<MsgType><![CDATA[event]]></MsgType>
<Event><![CDATA[subscribe]]></Event>
<Content><![CDATA[你好]]></Content>
</xml>
关注成功<xml><ToUserName><![CDATA[gh_a6529b5ebff3]]></ToUserName>
<FromUserName><![CDATA[onRjS5msz_F_SCyA5Su2GSA-Ij1c]]></FromUserName>
<CreateTime>1604966729</CreateTime>
<MsgType><![CDATA[event]]></MsgType>
<Event><![CDATA[subscribe]]></Event>
<Content><![CDATA[]]></Content>
</xml>
关注成功<xml><ToUserName><![CDATA[gh_a6529b5ebff3]]></ToUserName>
<FromUserName><![CDATA[onRjS5msz_F_SCyA5Su2GSA-Ij1c]]></FromUserName>
<CreateTime>1604966729</CreateTime>
<MsgType><![CDATA[event]]></MsgType>
<Event><![CDATA[subscribe]]></Event>
<Content><![CDATA[]]></Content>
</xml>
关注成功<xml><ToUserName><![CDATA[gh_a6529b5ebff3]]></ToUserName>
<FromUserName><![CDATA[onRjS5msz_F_SCyA5Su2GSA-Ij1c]]></FromUserName>
<CreateTime>1604966729</CreateTime>
<MsgType><![CDATA[event]]></MsgType>
<Event><![CDATA[subscribe]]></Event>
<Content><![CDATA[]]></Content>
</xml>
<xml><ToUserName><![CDATA[gh_a6529b5ebff3]]></ToUserName>
<FromUserName><![CDATA[onRjS5msz_F_SCyA5Su2GSA-Ij1c]]></FromUserName>
<CreateTime>1604966729</CreateTime>
<MsgType><![CDATA[event]]></MsgType>
<Event><![CDATA[subscribe]]></Event>
<Content><![CDATA[]]></Content>
</xml>
